# JRE version: OpenJDK Runtime Environment Temurin-17.0.1+12 (17.0.1+12) (build 17.0.1+12)
# Java VM: OpenJDK 64-Bit Server VM Temurin-17.0.1+12 (17.0.1+12, mixed mode, tiered, compressed oops, compressed class ptrs, g1 gc, windows-amd64)
GC Precious Log:
 CPUs: 4 total, 4 available
 Memory: 8074M
 Large Page Support: Disabled
 NUMA Support: Disabled
 Compressed Oops: Enabled (32-bit)
 Heap Region Size: 1M
 Heap Min Capacity: 8M
 Heap Initial Capacity: 128M
 Heap Max Capacity: 2020M
 Pre-touch: Disabled
 Parallel Workers: 4
 Concurrent Workers: 1
 Concurrent Refinement Workers: 4
 Periodic GC: Disabled
Heap:
 garbage-first heap   total 95232K, used 71298K [0x0000000081c00000, 0x0000000100000000)
  region size 1024K, 52 young (53248K), 6 survivors (6144K)
 Metaspace       used 64540K, committed 64896K, reserved 1105920K
  class space    used 8356K, committed 8512K, reserved 1048576K
GC Heap History (20 events):
Event: 7.225 GC heap before
{Heap before GC invocations=8 (full 0):
 garbage-first heap   total 45056K, used 31443K [0x0000000081c00000, 0x0000000100000000)
  region size 1024K, 20 young (20480K), 1 survivors (1024K)
 Metaspace       used 29170K, committed 29440K, reserved 1081344K
  class space    used 3457K, committed 3584K, reserved 1048576K
}
Event: 7.228 GC heap after
{Heap after GC invocations=9 (full 0):
 garbage-first heap   total 45056K, used 13642K [0x0000000081c00000, 0x0000000100000000)
  region size 1024K, 2 young (2048K), 2 survivors (2048K)
 Metaspace       used 29170K, committed 29440K, reserved 1081344K
  class space    used 3457K, committed 3584K, reserved 1048576K
}
Event: 7.916 GC heap before
{Heap before GC invocations=9 (full 0):
 garbage-first heap   total 45056K, used 32074K [0x0000000081c00000, 0x0000000100000000)
  region size 1024K, 21 young (21504K), 2 survivors (2048K)
 Metaspace       used 31953K, committed 32256K, reserved 1081344K
  class space    used 3821K, committed 3968K, reserved 1048576K
}
Event: 7.920 GC heap after
{Heap after GC invocations=10 (full 0):
 garbage-first heap   total 45056K, used 14601K [0x0000000081c00000, 0x0000000100000000)
  region size 1024K, 3 young (3072K), 3 survivors (3072K)
 Metaspace       used 31953K, committed 32256K, reserved 1081344K
  class space    used 3821K, committed 3968K, reserved 1048576K
}
Event: 9.190 GC heap before
{Heap before GC invocations=10 (full 0):
 garbage-first heap   total 45056K, used 33033K [0x0000000081c00000, 0x0000000100000000)
  region size 1024K, 21 young (21504K), 3 survivors (3072K)
 Metaspace       used 34374K, committed 34688K, reserved 1081344K
  class space    used 4167K, committed 4288K, reserved 1048576K
}
Event: 9.195 GC heap after
{Heap after GC invocations=11 (full 0):
 garbage-first heap   total 45056K, used 15711K [0x0000000081c00000, 0x0000000100000000)
  region size 1024K, 3 young (3072K), 3 survivors (3072K)
 Metaspace       used 34374K, committed 34688K, reserved 1081344K
  class space    used 4167K, committed 4288K, reserved 1048576K
}
Event: 9.895 GC heap before
{Heap before GC invocations=11 (full 0):
 garbage-first heap   total 45056K, used 24927K [0x0000000081c00000, 0x0000000100000000)
  region size 1024K, 13 young (13312K), 3 survivors (3072K)
 Metaspace       used 35953K, committed 36160K, reserved 1081344K
  class space    used 4376K, committed 4480K, reserved 1048576K
}
Event: 9.900 GC heap after
{Heap after GC invocations=12 (full 0):
 garbage-first heap   total 45056K, used 16403K [0x0000000081c00000, 0x0000000100000000)
  region size 1024K, 2 young (2048K), 2 survivors (2048K)
 Metaspace       used 35953K, committed 36160K, reserved 1081344K
  class space    used 4376K, committed 4480K, reserved 1048576K
}
Event: 11.172 GC heap before
{Heap before GC invocations=13 (full 0):
 garbage-first heap   total 45056K, used 33811K [0x0000000081c00000, 0x0000000100000000)
  region size 1024K, 20 young (20480K), 2 survivors (2048K)
 Metaspace       used 38509K, committed 38784K, reserved 1089536K
  class space    used 4768K, committed 4864K, reserved 1048576K
}
Event: 11.180 GC heap after
{Heap after GC invocations=14 (full 0):
 garbage-first heap   total 45056K, used 18553K [0x0000000081c00000, 0x0000000100000000)
  region size 1024K, 3 young (3072K), 3 survivors (3072K)
 Metaspace       used 38509K, committed 38784K, reserved 1089536K
  class space    used 4768K, committed 4864K, reserved 1048576K
}
Event: 12.303 GC heap before
{Heap before GC invocations=14 (full 0):
 garbage-first heap   total 45056K, used 32889K [0x0000000081c00000, 0x0000000100000000)
  region size 1024K, 18 young (18432K), 3 survivors (3072K)
 Metaspace       used 41077K, committed 41408K, reserved 1089536K
  class space    used 5044K, committed 5184K, reserved 1048576K
}
Event: 12.309 GC heap after
{Heap after GC invocations=15 (full 0):
 garbage-first heap   total 45056K, used 19839K [0x0000000081c00000, 0x0000000100000000)
  region size 1024K, 2 young (2048K), 2 survivors (2048K)
 Metaspace       used 41077K, committed 41408K, reserved 1089536K
  class space    used 5044K, committed 5184K, reserved 1048576K
}
Event: 12.317 GC heap before
{Heap before GC invocations=15 (full 0):
 garbage-first heap   total 45056K, used 33151K [0x0000000081c00000, 0x0000000100000000)
  region size 1024K, 16 young (16384K), 2 survivors (2048K)
 Metaspace       used 41082K, committed 41408K, reserved 1089536K
  class space    used 5044K, committed 5184K, reserved 1048576K
}
Event: 12.321 GC heap after
{Heap after GC invocations=16 (full 0):
 garbage-first heap   total 45056K, used 20014K [0x0000000081c00000, 0x0000000100000000)
  region size 1024K, 1 young (1024K), 1 survivors (1024K)
 Metaspace       used 41082K, committed 41408K, reserved 1089536K
  class space    used 5044K, committed 5184K, reserved 1048576K
}
Event: 12.332 GC heap before
{Heap before GC invocations=16 (full 0):
 garbage-first heap   total 45056K, used 33326K [0x0000000081c00000, 0x0000000100000000)
  region size 1024K, 15 young (15360K), 1 survivors (1024K)
 Metaspace       used 41082K, committed 41408K, reserved 1089536K
  class space    used 5044K, committed 5184K, reserved 1048576K
}
Event: 12.333 GC heap after
{Heap after GC invocations=17 (full 0):
 garbage-first heap   total 95232K, used 19992K [0x0000000081c00000, 0x0000000100000000)
  region size 1024K, 1 young (1024K), 1 survivors (1024K)
 Metaspace       used 41082K, committed 41408K, reserved 1089536K
  class space    used 5044K, committed 5184K, reserved 1048576K
}
Event: 14.708 GC heap before
{Heap before GC invocations=18 (full 0):
 garbage-first heap   total 95232K, used 69144K [0x0000000081c00000, 0x0000000100000000)
  region size 1024K, 50 young (51200K), 1 survivors (1024K)
 Metaspace       used 46912K, committed 47232K, reserved 1097728K
  class space    used 5697K, committed 5888K, reserved 1048576K
}
Event: 14.713 GC heap after
{Heap after GC invocations=19 (full 0):
 garbage-first heap   total 95232K, used 22826K [0x0000000081c00000, 0x0000000100000000)
  region size 1024K, 3 young (3072K), 3 survivors (3072K)
 Metaspace       used 46912K, committed 47232K, reserved 1097728K
  class space    used 5697K, committed 5888K, reserved 1048576K
}
Event: 18.121 GC heap before
{Heap before GC invocations=19 (full 0):
 garbage-first heap   total 95232K, used 74026K [0x0000000081c00000, 0x0000000100000000)
  region size 1024K, 53 young (54272K), 3 survivors (3072K)
 Metaspace       used 59046K, committed 59392K, reserved 1105920K
  class space    used 7607K, committed 7808K, reserved 1048576K
}
Event: 18.131 GC heap after
{Heap after GC invocations=20 (full 0):
 garbage-first heap   total 95232K, used 25218K [0x0000000081c00000, 0x0000000100000000)
  region size 1024K, 6 young (6144K), 6 survivors (6144K)
 Metaspace       used 59046K, committed 59392K, reserved 1105920K
  class space    used 7607K, committed 7808K, reserved 1048576K
}

